
                           Design Compiler Graphical 
                                 DC Ultra (TM)
                                  DFTMAX (TM)
                              Power Compiler (TM)
                                 DesignWare (R)
                                 DC Expert (TM)
                               Design Vision (TM)
                               HDL Compiler (TM)
                               VHDL Compiler (TM)
                                  DFT Compiler
                               Design Compiler(R)

                 Version T-2022.03 for linux64 - Feb 22, 2022 

                    Copyright (c) 1988 - 2022 Synopsys, Inc.
   This software and the associated documentation are proprietary to Synopsys,
 Inc. This software may only be used in accordance with the terms and conditions
 of a written license agreement with Synopsys, Inc. All other use, reproduction,
   or distribution of this software is strictly prohibited.  Licensed Products
     communicate with Synopsys servers for the purpose of providing software
    updates, detecting software piracy and verifying that customers are using
    Licensed Products in conformity with the applicable License Key for such
  Licensed Products. Synopsys will use information gathered in connection with
    this process to deliver software updates and pursue software pirates and
                                   infringers.

 Inclusivity & Diversity - Visit SolvNetPlus to read the "Synopsys Statement on
            Inclusivity and Diversity" (Refer to article 000036315 at
                        https://solvnetplus.synopsys.com)
Initializing...
#======================================================
#
# Synopsys Synthesis Scripts (Design Vision dctcl mode)
#
#======================================================
#======================================================
#  Set Libraries
#======================================================
set search_path { /RAID2/COURSE/dic/dic098/ASAP7_PDKandLIB_v1p6/ASAP7_PDKandLIB_v1p6/lib_release_191006/asap7_7p5t_library/rev25/LIB/NLDM/ ./}
 /RAID2/COURSE/dic/dic098/ASAP7_PDKandLIB_v1p6/ASAP7_PDKandLIB_v1p6/lib_release_191006/asap7_7p5t_library/rev25/LIB/NLDM/ ./
set link_library {dw_foundation.sldb }
dw_foundation.sldb 
set synthetic_library {dw_foundation.sldb asap7sc7p5t_AO_RVT_TT_08302018.db asap7sc7p5t_OA_RVT_TT_08302018.db asap7sc7p5t_INVBUF_RVT_TT_08302018.db asap7sc7p5t_SEQ_RVT_TT_08302018.db asap7sc7p5t_SIMPLE_RVT_TT_08302018.db asap7sc7p5t_AO_RVT_TT_08302018.db  asap7sc7p5t_OA_RVT_TT_08302018.db}
dw_foundation.sldb asap7sc7p5t_AO_RVT_TT_08302018.db asap7sc7p5t_OA_RVT_TT_08302018.db asap7sc7p5t_INVBUF_RVT_TT_08302018.db asap7sc7p5t_SEQ_RVT_TT_08302018.db asap7sc7p5t_SIMPLE_RVT_TT_08302018.db asap7sc7p5t_AO_RVT_TT_08302018.db  asap7sc7p5t_OA_RVT_TT_08302018.db
set target_library {asap7sc7p5t_INVBUF_RVT_TT_08302018.db asap7sc7p5t_SIMPLE_RVT_TT_08302018.db asap7sc7p5t_SEQ_RVT_TT_08302018.db }         
asap7sc7p5t_INVBUF_RVT_TT_08302018.db asap7sc7p5t_SIMPLE_RVT_TT_08302018.db asap7sc7p5t_SEQ_RVT_TT_08302018.db 
#======================================================
#  Global Parameters
#======================================================
set DESIGN "Convolution"
Convolution
set MAX_Delay 500
500
echo $DESIGN
Convolution
#======================================================
#  Read RTL Code
#======================================================
read_sverilog $DESIGN\.v
Loading db file '/usr/cad/synopsys/synthesis/2022.03/libraries/syn/dw_foundation.sldb'
Loading db file '/usr/cad/synopsys/synthesis/2022.03/libraries/syn/gtech.db'
Loading db file '/usr/cad/synopsys/synthesis/2022.03/libraries/syn/standard.sldb'
  Loading link library 'gtech'
Loading sverilog file '/RAID2/COURSE/dic/dic098/lab4/4-1/Convolution.v'
Detecting input file type automatically (-rtl or -netlist).
Reading with Presto HDL Compiler (equivalent to -rtl option).
Running PRESTO HDLC
Loading db file '/RAID2/COURSE/dic/dic098/ASAP7_PDKandLIB_v1p6/ASAP7_PDKandLIB_v1p6/lib_release_191006/asap7_7p5t_library/rev25/LIB/NLDM/asap7sc7p5t_AO_RVT_TT_08302018.db'
Loading db file '/RAID2/COURSE/dic/dic098/ASAP7_PDKandLIB_v1p6/ASAP7_PDKandLIB_v1p6/lib_release_191006/asap7_7p5t_library/rev25/LIB/NLDM/asap7sc7p5t_OA_RVT_TT_08302018.db'
Loading db file '/RAID2/COURSE/dic/dic098/ASAP7_PDKandLIB_v1p6/ASAP7_PDKandLIB_v1p6/lib_release_191006/asap7_7p5t_library/rev25/LIB/NLDM/asap7sc7p5t_INVBUF_RVT_TT_08302018.db'
Loading db file '/RAID2/COURSE/dic/dic098/ASAP7_PDKandLIB_v1p6/ASAP7_PDKandLIB_v1p6/lib_release_191006/asap7_7p5t_library/rev25/LIB/NLDM/asap7sc7p5t_SEQ_RVT_TT_08302018.db'
Loading db file '/RAID2/COURSE/dic/dic098/ASAP7_PDKandLIB_v1p6/ASAP7_PDKandLIB_v1p6/lib_release_191006/asap7_7p5t_library/rev25/LIB/NLDM/asap7sc7p5t_SIMPLE_RVT_TT_08302018.db'
Compiling source file /RAID2/COURSE/dic/dic098/lab4/4-1/Convolution.v
Warning:  /RAID2/COURSE/dic/dic098/lab4/4-1/Convolution.v:8: Empty port in module declaration. (VER-986)
Warning:  /RAID2/COURSE/dic/dic098/lab4/4-1/Convolution.v:2: Port number 10 of 'Convolution' was named 'Port10'. (VER-441)
Presto compilation completed successfully.
Current design is now '/RAID2/COURSE/dic/dic098/lab4/4-1/Convolution.db:Convolution'
Loaded 1 design.
Current design is 'Convolution'.
Convolution
current_design $DESIGN
Current design is 'Convolution'.
{Convolution}
#======================================================
#  Global Setting
#======================================================
#set_operating_conditions -max slow -min fast
#======================================================
#  Set Design Constraints
#======================================================
set_max_delay $MAX_Delay -from [all_inputs] -to [all_outputs]
1
#======================================================
#  Optimization
#======================================================
uniquify
1
set_fix_multiple_port_nets -all -buffer_constants
1
compile
Information: Checking out the license 'DesignWare'. (SEC-104)
Information: Evaluating DesignWare library utilization. (UISN-27)

============================================================================
| DesignWare Building Block Library  |         Version         | Available |
============================================================================
| Basic DW Building Blocks           | S-2021.06-DWBB_202106.0 |     *     |
| Licensed DW Building Blocks        | S-2021.06-DWBB_202106.0 |     *     |
| asap7sc7p5t_AO_RVT_TT_08302018     | 1.0                     |           |
| asap7sc7p5t_OA_RVT_TT_08302018     | 1.0                     |           |
| asap7sc7p5t_INVBUF_RVT_TT_08302018 | 1.0                     |           |
| asap7sc7p5t_SEQ_RVT_TT_08302018    | 1.0                     |           |
| asap7sc7p5t_SIMPLE_RVT_TT_08302018 | 1.0                     |           |
============================================================================

====================================================================================================
| Flow Information                                                                                 |
----------------------------------------------------------------------------------------------------
| Flow         | Design Compiler                                                                   |
====================================================================================================
| Design Information                                      | Value                                  |
====================================================================================================
| Number of Scenarios                                     | 0                                      |
| Leaf Cell Count                                         | 7                                      |
| Number of User Hierarchies                              | 0                                      |
| Sequential Cell Count                                   | 0                                      |
| Macro Count                                             | 0                                      |
| Number of Power Domains                                 | 0                                      |
| Number of Path Groups                                   | 1                                      |
| Number of VT class                                      | 0                                      |
| Number of Clocks                                        | 0                                      |
| Number of Dont Touch cells                              | 0                                      |
| Number of Dont Touch nets                               | 0                                      |
| Number of size only cells                               | 0                                      |
| Design with UPF Data                                    | false                                  |
----------------------------------------------------------------------------------------------------
| Variables                                               | Value                                  |
----------------------------------------------------------------------------------------------------
| set_fix_multiple_port_nets                              | -all -buffer_constants                 |
====================================================================================================

Information: There are 1 potential problems in your design. Please run 'check_design' for more information. (LINT-99)


  Loading target library 'asap7sc7p5t_INVBUF_RVT_TT_08302018'
  Loading target library 'asap7sc7p5t_SIMPLE_RVT_TT_08302018'
  Loading target library 'asap7sc7p5t_SEQ_RVT_TT_08302018'

  Beginning Pass 1 Mapping
  ------------------------
  Processing 'Convolution'

  Updating timing information
Information: Updating design information... (UID-85)

  Beginning Implementation Selection
  ----------------------------------
  Building model 'DW01_NAND2'
  Processing 'DW01_NAND2'
  Building model 'DW01_add_width9' (rpl)
  Processing 'DW01_add_width9'
  Building model 'DW01_add_width10' (rpl)
  Processing 'DW01_add_width10'
  Processing 'Convolution_DW01_add_0'
  Processing 'Convolution_DW01_add_1'
  Processing 'Convolution_DW01_add_2'
  Mapping 'Convolution_DW_mult_uns_0'
  Mapping 'Convolution_DW_mult_uns_1'
  Mapping 'Convolution_DW_mult_uns_2'
  Mapping 'Convolution_DW_mult_uns_3'

  Beginning Mapping Optimizations  (Medium effort)
  -------------------------------
LNC WARNING: Found output_to_output lib arc on HAxp5_ASAP7_75t_R.

                                  TOTAL                                      
   ELAPSED            WORST NEG   SETUP    DESIGN                            
    TIME      AREA      SLACK     COST    RULE COST         ENDPOINT         
  --------- --------- --------- --------- --------- -------------------------
    0:00:01     432.7      0.00       0.0       0.0                          
    0:00:01     432.7      0.00       0.0       0.0                          
    0:00:01     432.7      0.00       0.0       0.0                          
    0:00:01     432.7      0.00       0.0       0.0                          
    0:00:01     432.7      0.00       0.0       0.0                          
    0:00:01     432.7      0.00       0.0       0.0                          
    0:00:01     432.7      0.00       0.0       0.0                          
    0:00:01     432.7      0.00       0.0       0.0                          
    0:00:01     432.7      0.00       0.0       0.0                          
    0:00:01     432.7      0.00       0.0       0.0                          
    0:00:01     432.7      0.00       0.0       0.0                          
    0:00:01     432.7      0.00       0.0       0.0                          



  Beginning Delay Optimization Phase
  ----------------------------------

                                  TOTAL                                      
   ELAPSED            WORST NEG   SETUP    DESIGN                            
    TIME      AREA      SLACK     COST    RULE COST         ENDPOINT         
  --------- --------- --------- --------- --------- -------------------------
    0:00:01     432.7      0.00       0.0       0.0                          
    0:00:01     432.7      0.00       0.0       0.0                          
    0:00:01     432.7      0.00       0.0       0.0                          


  Beginning Area-Recovery Phase  (cleanup)
  -----------------------------

                                  TOTAL                                      
   ELAPSED            WORST NEG   SETUP    DESIGN                            
    TIME      AREA      SLACK     COST    RULE COST         ENDPOINT         
  --------- --------- --------- --------- --------- -------------------------
    0:00:01     432.7      0.00       0.0       0.0                          
    0:00:01     432.7      0.00       0.0       0.0                          
    0:00:01     430.9      0.00       0.0       0.0                          
    0:00:01     429.9      0.00       0.0       0.0                          
    0:00:01     429.9      0.00       0.0       0.0                          
    0:00:01     429.9      0.00       0.0       0.0                          
    0:00:01     429.9      0.00       0.0       0.0                          
    0:00:01     429.9      0.00       0.0       0.0                          
    0:00:01     429.9      0.00       0.0       0.0                          
    0:00:01     429.9      0.00       0.0       0.0                          
    0:00:01     429.9      0.00       0.0       0.0                          
    0:00:01     429.9      0.00       0.0       0.0                          
    0:00:01     429.9      0.00       0.0       0.0                          
    0:00:01     426.4      0.00       0.0       0.0                          
Loading db file '/RAID2/COURSE/dic/dic098/ASAP7_PDKandLIB_v1p6/ASAP7_PDKandLIB_v1p6/lib_release_191006/asap7_7p5t_library/rev25/LIB/NLDM/asap7sc7p5t_INVBUF_RVT_TT_08302018.db'
Loading db file '/RAID2/COURSE/dic/dic098/ASAP7_PDKandLIB_v1p6/ASAP7_PDKandLIB_v1p6/lib_release_191006/asap7_7p5t_library/rev25/LIB/NLDM/asap7sc7p5t_SIMPLE_RVT_TT_08302018.db'
Loading db file '/RAID2/COURSE/dic/dic098/ASAP7_PDKandLIB_v1p6/ASAP7_PDKandLIB_v1p6/lib_release_191006/asap7_7p5t_library/rev25/LIB/NLDM/asap7sc7p5t_SEQ_RVT_TT_08302018.db'


Note: Symbol # after min delay cost means estimated hold TNS across all active scenarios 


  Optimization Complete
  ---------------------
1
#======================================================
#  Output Reports 
#======================================================
report_timing >  Report/$DESIGN\.timing
report_area >  Report/$DESIGN\.area
report_resource >  Report/$DESIGN\.resource
#======================================================
#  Change Naming Rule
#======================================================
set bus_inference_style "%s\[%d\]"
%s[%d]
set bus_naming_style "%s\[%d\]"
%s[%d]
set hdlout_internal_busses true
true
change_names -hierarchy -rule verilog
1
define_name_rules name_rule -allowed "a-z A-Z 0-9 _" -max_length 255 -type cell
1
define_name_rules name_rule -allowed "a-z A-Z 0-9 _[]" -max_length 255 -type net
1
define_name_rules name_rule -map {{"\\*cell\\*" "cell"}}
1
change_names -hierarchy -rules name_rule
1
#======================================================
#  Output Results
#======================================================
set verilogout_higher_designs_first true
true
write -format verilog -output Netlist/$DESIGN\_SYN.v -hierarchy
Writing verilog file '/RAID2/COURSE/dic/dic098/lab4/4-1/Netlist/Convolution_SYN.v'.
1
write_sdf -version 3.0 -context verilog -load_delay cell Netlist/$DESIGN\_SYN.sdf -significant_digits 6
Information: Writing timing information to file '/RAID2/COURSE/dic/dic098/lab4/4-1/Netlist/Convolution_SYN.sdf'. (WT-3)
1
#======================================================
#  Finish and Quit
#======================================================
report_timing
 
****************************************
Report : timing
        -path full
        -delay max
        -max_paths 1
Design : Convolution
Version: T-2022.03
Date   : Mon Dec  4 22:19:59 2023
****************************************

Operating Conditions: PVT_0P7V_25C   Library: asap7sc7p5t_INVBUF_RVT_TT_08302018
Wire Load Model Mode: top

  Startpoint: INW_3[2] (input port)
  Endpoint: Output[8] (output port)
  Path Group: default
  Path Type: max

  Point                                                   Incr       Path
  --------------------------------------------------------------------------
  input external delay                                    0.00       0.00 f
  INW_3[2] (in)                                           0.00       0.00 f
  mult_19_4/b[2] (Convolution_DW_mult_uns_0)              0.00       0.00 f
  mult_19_4/U116/Y (NAND2xp33_ASAP7_75t_R)               20.81      20.81 r
  mult_19_4/U114/Y (NOR2xp33_ASAP7_75t_R)                30.77      51.58 f
  mult_19_4/U39/SN (FAx1_ASAP7_75t_R)                    61.57     113.15 f
  mult_19_4/U95/Y (XNOR2xp5_ASAP7_75t_R)                 28.23     141.37 r
  mult_19_4/U92/Y (NAND2xp33_ASAP7_75t_R)                12.63     154.01 f
  mult_19_4/U91/Y (NAND2xp33_ASAP7_75t_R)                25.12     179.12 r
  mult_19_4/U87/Y (NAND2xp33_ASAP7_75t_R)                14.50     193.62 f
  mult_19_4/U86/Y (NAND2xp33_ASAP7_75t_R)                25.11     218.74 r
  mult_19_4/U82/Y (NAND2xp33_ASAP7_75t_R)                14.50     233.23 f
  mult_19_4/U81/Y (NAND2xp33_ASAP7_75t_R)                25.11     258.34 r
  mult_19_4/U78/Y (XOR2xp5_ASAP7_75t_R)                  39.48     297.82 r
  mult_19_4/product[6] (Convolution_DW_mult_uns_0)        0.00     297.82 r
  add_1_root_add_0_root_add_19_3/B[6] (Convolution_DW01_add_2)
                                                          0.00     297.82 r
  add_1_root_add_0_root_add_19_3/U1_6/SN (FAx1_ASAP7_75t_R)
                                                         40.86     338.68 r
  add_1_root_add_0_root_add_19_3/U11/Y (INVx1_ASAP7_75t_R)
                                                         17.87     356.55 f
  add_1_root_add_0_root_add_19_3/SUM[6] (Convolution_DW01_add_2)
                                                          0.00     356.55 f
  add_0_root_add_0_root_add_19_3/B[6] (Convolution_DW01_add_0)
                                                          0.00     356.55 f
  add_0_root_add_0_root_add_19_3/U1_6/CON (FAx1_ASAP7_75t_R)
                                                         22.90     379.45 r
  add_0_root_add_0_root_add_19_3/U4/Y (INVx1_ASAP7_75t_R)
                                                         15.27     394.72 f
  add_0_root_add_0_root_add_19_3/U1_7/CON (FAx1_ASAP7_75t_R)
                                                         20.30     415.02 r
  add_0_root_add_0_root_add_19_3/U3/Y (INVx1_ASAP7_75t_R)
                                                         15.27     430.29 f
  add_0_root_add_0_root_add_19_3/U1_8/SN (FAx1_ASAP7_75t_R)
                                                         37.50     467.79 f
  add_0_root_add_0_root_add_19_3/U11/Y (INVx1_ASAP7_75t_R)
                                                          8.03     475.82 r
  add_0_root_add_0_root_add_19_3/SUM[8] (Convolution_DW01_add_0)
                                                          0.00     475.82 r
  Output[8] (out)                                         0.00     475.82 r
  data arrival time                                                475.82

  max_delay                                             500.00     500.00
  output external delay                                   0.00     500.00
  data required time                                               500.00
  --------------------------------------------------------------------------
  data required time                                               500.00
  data arrival time                                               -475.82
  --------------------------------------------------------------------------
  slack (MET)                                                       24.18


1
report_area
 
****************************************
Report : area
Design : Convolution
Version: T-2022.03
Date   : Mon Dec  4 22:19:59 2023
****************************************

Library(s) Used:

    asap7sc7p5t_SIMPLE_RVT_TT_08302018 (File: /RAID2/COURSE/dic/dic098/ASAP7_PDKandLIB_v1p6/ASAP7_PDKandLIB_v1p6/lib_release_191006/asap7_7p5t_library/rev25/LIB/NLDM/asap7sc7p5t_SIMPLE_RVT_TT_08302018.db)
    asap7sc7p5t_INVBUF_RVT_TT_08302018 (File: /RAID2/COURSE/dic/dic098/ASAP7_PDKandLIB_v1p6/ASAP7_PDKandLIB_v1p6/lib_release_191006/asap7_7p5t_library/rev25/LIB/NLDM/asap7sc7p5t_INVBUF_RVT_TT_08302018.db)

Number of ports:                          203
Number of nets:                           509
Number of cells:                          308
Number of combinational cells:            301
Number of sequential cells:                 0
Number of macros/black boxes:               0
Number of buf/inv:                         64
Number of references:                       8

Combinational area:                426.435838
Buf/Inv area:                       44.789761
Noncombinational area:               0.000000
Macro/Black Box area:                0.000000
Net Interconnect area:      undefined  (No wire load specified)

Total cell area:                   426.435838
Total area:                 undefined
1
exit

Memory usage for this session 168 Mbytes.
Memory usage for this session including child processes 168 Mbytes.
CPU usage for this session 3 seconds ( 0.00 hours ).
Elapsed time for this session 6 seconds ( 0.00 hours ).

Thank you...
