ncsim(64) 15.20-s084
Linux 3.10.0-1160.88.1.el7.x86_64 #1 SMP Tue Mar 7 15:41:52 UTC 2023 x86_64
CPU cores: 256
Limit information:
======================================
cputime			unlimited
filesize		unlimited
datasize		unlimited
stacksize		8192 kbytes
coredumpsize	0 kbytes
memoryuse		unlimited
vmemoryuse		unlimited
descriptors		4096
memorylocked	64 kbytes
maxproc			4096
======================================
(Special)Runtime environment variables:

Runtime environment variables:
REMOTEHOST=140.113.0.229
SYNOPSYS_LC_ROOT=/cad/synopsys/lc/cur
MANPATH=/usr/cad/synopsys/siliconsmart/2022.12/ncx/man:/usr/cad/synopsys/synthesis/2022.03/doc/syn/man:/usr/cad/synopsys/vcs/2022.06/doc/man:/usr/cad/synopsys/lc/2022.03/doc/lc/man:/usr/cad/synopsys/star-rcxt/2019.12-sp5-3//starrc/man
POWERVIEW_64=1
TMIARCH=RH_64
XDG_SESSION_ID=255778
XLOCALEDIR=/usr/cad/synopsys/icc2/2021.06-sp5//etc/locale
HOSTNAME=ee23
HOST=ee23
TERM=xterm
SHELL=/bin/tcsh
SSH_CLIENT=140.113.0.229 60670 415
CDS_LOAD_ENV=CSF
MGC_LOCATION_MAP=NO_MAP
HSP_GCC_VERSION=7.3.0
QTDIR=/usr/lib64/qt-3.3
QTINC=/usr/lib64/qt-3.3/include
SSH_TTY=/dev/pts/52
SPAPI_AHDL_INCLUDE=/RAID2/cad/synopsys/hspice/2020.03-sp2-2/hspice/include
QT_GRAPHICSSYSTEM_CHECKED=1
HSP_HOME=/RAID2/cad/synopsys/hspice/2020.03-sp2-2/hspice
GROUP=dic
USER=dic098
LD_LIBRARY_PATH=/RAID2/cad/synopsys/verdi/cur/share/PLI/IUS/linux64/boot:/RAID2/cad/synopsys/verdi/cur/share/PLI/lib/linux64
LS_COLORS=rs=0:di=01;34:ln=01;36:mh=00:pi=40;33:so=01;35:do=01;35:bd=40;33;01:cd=40;33;01:or=40;31;01:mi=01;05;37;41:su=37;41:sg=30;43:ca=30;41:tw=30;42:ow=34;42:st=37;44:ex=01;32:*.tar=01;31:*.tgz=01;31:*.arc=01;31:*.arj=01;31:*.taz=01;31:*.lha=01;31:*.lz4=01;31:*.lzh=01;31:*.lzma=01;31:*.tlz=01;31:*.txz=01;31:*.tzo=01;31:*.t7z=01;31:*.zip=01;31:*.z=01;31:*.Z=01;31:*.dz=01;31:*.gz=01;31:*.lrz=01;31:*.lz=01;31:*.lzo=01;31:*.xz=01;31:*.bz2=01;31:*.bz=01;31:*.tbz=01;31:*.tbz2=01;31:*.tz=01;31:*.deb=01;31:*.rpm=01;31:*.jar=01;31:*.war=01;31:*.ear=01;31:*.sar=01;31:*.rar=01;31:*.alz=01;31:*.ace=01;31:*.zoo=01;31:*.cpio=01;31:*.7z=01;31:*.rz=01;31:*.cab=01;31:*.jpg=01;35:*.jpeg=01;35:*.gif=01;35:*.bmp=01;35:*.pbm=01;35:*.pgm=01;35:*.ppm=01;35:*.tga=01;35:*.xbm=01;35:*.xpm=01;35:*.tif=01;35:*.tiff=01;35:*.png=01;35:*.svg=01;35:*.svgz=01;35:*.mng=01;35:*.pcx=01;35:*.mov=01;35:*.mpg=01;35:*.mpeg=01;35:*.m2v=01;35:*.mkv=01;35:*.webm=01;35:*.ogm=01;35:*.mp4=01;35:*.m4v=01;35:*.mp4v=01;35:*.vob=01;35:*.qt=01;35:*.nuv=01;35:*.wmv=01;35:*.asf=01;35:*.rm=01;35:*.rmvb=01;35:*.flc=01;35:*.avi=01;35:*.fli=01;35:*.flv=01;35:*.gl=01;35:*.dl=01;35:*.xcf=01;35:*.xwd=01;35:*.yuv=01;35:*.cgm=01;35:*.emf=01;35:*.axv=01;35:*.anx=01;35:*.ogv=01;35:*.ogx=01;35:*.aac=01;36:*.au=01;36:*.flac=01;36:*.mid=01;36:*.midi=01;36:*.mka=01;36:*.mp3=01;36:*.mpc=01;36:*.ogg=01;36:*.ra=01;36:*.wav=01;36:*.axa=01;36:*.oga=01;36:*.spx=01;36:*.xspf=01;36:
installdir=/RAID2/cad/synopsys/hspice/2020.03-sp2-2/hspice
HOSTTYPE=x86_64-linux
CMIARCH=RH_64
SYNOPSYS_NCX_ROOT=/usr/cad/synopsys/star-rcxt/2019.12-sp5-3/
VC_STATIC_HOME=/usr/cad/synopsys/vc_formal/cur/
MAIL=/var/spool/mail/dic098
PATH=/RAID2/cad/MATLAB/bin/:/opt/btop/bin/:/RAID2/cad/Xilinx/Vivado/2020.2/bin:/RAID2/eda/jasper_2021.03//bin:/usr/cad/synopsys/cosmos_scope/cur/ai_bin:/usr/cad/synopsys/icc/2022.03/amd64/syn/bin:/usr/cad/synopsys/primetime/2019.03-sp5-1//amd64/syn/bin:/usr/cad/synopsys/fc/2022.03/bin:/usr/cad/synopsys/lc/2022.03/bin:/usr/cad/synopsys/vc_formal/cur/bin:/usr/cad/synopsys/vcs/2022.06/amd64/bin:/usr/cad/synopsys/verdi/2019.06//bin:/usr/cad/synopsys/synthesis/2022.03/amd64/syn/bin:/cad/synopsys/lc/cur/bin:/usr/cad/cadence/SPECTRE/SPECTRE_19.10.322//tools/bin/64bit:/usr/cad/cadence/SPECTRE/SPECTRE_19.10.322//tools/dfII/bin/64bit:/usr/cad/cadence/SPECTRE/SPECTRE_19.10.322//tools/bin:/usr/cad/cadence/SPECTRE/SPECTRE_19.10.322//tools/dfII/bin:/usr/cad/cadence/SSV/SSV_21.12.000//tools/bin/64bit:/usr/cad/cadence/SSV/SSV_21.12.000//tools/bin:/usr/cad/cadence/QUANTUS/QUANTUS_21.11.000//tools/bin/64bit:/usr/cad/cadence/QUANTUS/QUANTUS_21.11.000//tools/bin:/usr/cad/cadence/PEGASUS/PEGASUS_21.20.000//tools/bin/64bit:/usr/cad/cadence/PEGASUS/PEGASUS_21.20.000//tools/bin:/usr/cad/cadence/JASPER/./jasper_2023.03//bin:/usr/cad/cadence/INNOVUS/INNOVUS_20.15.000/tools/bin/64bit:/usr/cad/cadence/INNOVUS/INNOVUS_20.15.000/tools/bin:/usr/cad/cadence/INCISIV/INCISIVE_15.20.084/tools/bin/64bit:/usr/cad/cadence/INCISIV/INCISIVE_15.20.084/tools/bin:/usr/cad/cadence/XCELIUM/XCELIUM_22.03.003/tools/bin/64bit:/usr/cad/cadence/XCELIUM/XCELIUM_22.03.003/tools/bin:/usr/cad/cadence/GENUS/GENUS_20.10.000/tools/bin/64bit:/usr/cad/cadence/GENUS/GENUS_20.10.000/tools/bin:/usr/cad/mentor/calibre/aoi_cal_2019.2_26.18//bin:/usr/cad/synopsys/laker_oa/2021.06//bin:/usr/cad/synopsys/customexplorer/2022.06//bin:/usr/cad/synopsys/customcompiler/2020.12-sp1-2//bin:/usr/cad/synopsys/customcompiler/2020.12-sp1-2//primewave/bin:/usr/cad/synopsys/siliconsmart/2022.12/bin:/usr/cad/synopsys/xa/2022.06//bin:/usr/cad/synopsys/finesim/2022.06//bin:/RAID2/cad/synopsys/hspice/2020.03-sp2-2/hspice/bin:/RAID2/cad/synopsys/hspice/2020.03-sp2-2/hspice/GNU/linux64/gcc/bin:/RAID2/cad/synopsys/hspice/2020.03-sp2-2/hspice/linux64:/usr/bin:/usr/ucb/bin:/usr/cad/synopsys/hspice/2020.03-sp2-2//hspice/bin:/usr/cad/cadence/LIBERATE/LIBREATE_21.72.187/tools.lnx86/bin/64bit:/usr/cad/cadence/LIBERATE/LIBREATE_21.72.187/tools.lnx86/bin:/usr/cad/cadence/IC/IC_06.18.250/tools/bin:/usr/cad/cadence/IC/IC_06.18.250/tools/dracula/bin:/usr/cad/cadence/IC/IC_06.18.250/tools/dfII/bin:/usr/cad/cadence/IC/IC_06.18.250/tools/bin/64bit:/usr/cad/cadence/IC/IC_06.18.250/tools/dracula/bin/64bit:/usr/cad/cadence/IC/IC_06.18.250/tools/dfII/bin/64bit:/usr/lib64/qt-3.3/bin:/usr/local/bin:/usr/bin:/usr/local/sbin:/usr/sbin:/usr/sbin/:/usr/sbin/:/RAID2/Tool/bin/
VERDI_HOME=/usr/cad/synopsys/verdi/2019.06/
CALIBRE_HOME=/usr/cad/mentor/calibre/aoi_cal_2019.2_26.18/
PWD=/RAID2/COURSE/dic/dic098/lab2/2_3/03_GATE
VCS_HOME=/usr/cad/synopsys/vcs/2022.06
Laker_TCL_ToolBox=1
FINESIM_64=1
FINEWAVE_64=1
VCS_CC=gcc
CDSHOME=/usr/cad/cadence/IC/IC_06.18.250
SYNOPSYS=/usr/cad/synopsys/synthesis/cur/
LM_LICENSE_FILE=26585@lshc:5280@lshc:1717@lshc:5280@lstn:5280@lstc:26585@lstn:26585@lstc:
CDS_Netlisting_Mode=Analog
SSH_ASKPASS=/usr/libexec/openssh/gnome-ssh-askpass
HSP_GCC=/RAID2/cad/synopsys/hspice/2020.03-sp2-2/hspice/GNU/linux64/gcc/bin/gcc -m64 
SHLVL=2
HOME=/RAID2/COURSE/dic/dic098
OSTYPE=linux
MGC_HOME=/usr/cad/mentor/calibre/aoi_cal_2019.2_26.18/
Laker_TCL_L3=1
ICV_HOME_DIR=/usr/cad/synopsys/icvalidator/2021.06-sp2/
CDS_AUTO_64BIT=ALL
SNPS_64=1
MGC_TMPDIR=/tmp
SNPS_PLATFORM=linux64
HSP_SIGMA_AMP=/RAID2/cad/synopsys/hspice/2020.03-sp2-2/hspice/linux64/python/Omega/Omega
VENDOR=unknown
MACHTYPE=x86_64
LOGNAME=dic098
MGLS_LICENSE_FILE=1717@lshc
QTLIB=/usr/lib64/qt-3.3/lib
SSH_CONNECTION=140.113.0.229 60670 140.113.201.23 415
mraarch=linux_64
LESSOPEN=||/usr/bin/lesspipe.sh %s
JGOLD_dir=/RAID2/eda/jasper_2021.03/
SHLIB_PATH=/usr/cad/synopsys/verdi/2019.06//etc/lib/libstdc++/LINUX64/:/usr/cad/synopsys/verdi/2019.06//share/PLI/lib/LINUX64/:/usr/cad/synopsys/verdi/2019.06//share/PLI/VCS/LINUX64/:
ARCH=linux64
CDPL_HOME=/RAID2/cad/synopsys/hspice/2020.03-sp2-2/hspice/cdpl
XDG_RUNTIME_DIR=/run/user/12047
DISPLAY=localhost:23.0
SYN_MAN_DIR=/usr/cad/synopsys/star-rcxt/2019.12-sp5-3//starrc/man
_=/usr/cad/cadence/INCISIV/INCISIVE_15.20.084/tools/bin/64bit/irun
_IRUNROOT_=/usr/cad/cadence/INCISIV/INCISIVE_15.20.084/tools
CDS_ARCH=lnx86
NCRUNMODE=irun:./INCA_libs/irun.lnx8664.15.20.nc
IRUNBATCH=FALSE
IMPERAS_PORT_FILE=.vsp_ovp_gdb_port
TCL_LIBRARY=/usr/cad/cadence/INCISIV/INCISIVE_15.20.084/tools/inca/files/tcl/library
Runtime command line arguments:
argv[0]=irun
argv[1]=../01_RTL/TESTBED_Adder_4bit.v
argv[2]=-define
argv[3]=GATE
argv[4]=-debug
argv[5]=-v
argv[6]=/RAID2/COURSE/dic/dic098/ASAP7_PDKandLIB_v1p6/ASAP7_PDKandLIB_v1p6/lib_release_191006/asap7_7p5t_library/rev25/Verilog/asap7sc7p5t_SIMPLE_RVT_TT_08302018.v
argv[7]=/RAID2/COURSE/dic/dic098/ASAP7_PDKandLIB_v1p6/ASAP7_PDKandLIB_v1p6/lib_release_191006/asap7_7p5t_library/rev25/Verilog/asap7sc7p5t_SEQ_RVT_TT_08302018.v
argv[8]=/RAID2/COURSE/dic/dic098/ASAP7_PDKandLIB_v1p6/ASAP7_PDKandLIB_v1p6/lib_release_191006/asap7_7p5t_library/rev25/Verilog/asap7sc7p5t_INVBUF_RVT_TT_08302018.v
argv[9]=-nontcglitch
argv[10]=-loadpli1
argv[11]=debpli:novas_pli_boot
111 profile - 100
          CPU/Mem usage: 0.060 sys,  0.030 user,  104.40M sys,  0.00M vm
112 VC callback profile - scalar:0 vector:0
113 Tue Oct 24 03:06:20 2023
114 pliAppInit
115 FSDB_GATE is disabled.
116 Enable Parallel Dumping.
117 pliAppMiscSet: New Sim Round
118 pliEntryInit
119 LIBSSCORE=found /RAID2/cad/synopsys/verdi/cur/share/PLI/IUS/linux64/boot/libsscore_ius152.so through $LD_LIBRARY_PATH setting.
120 argv[0]: Adder_4bit_SYN.fsdb
121 FSDB Dumper for IUS, Release Verdi_P-2019.06, Linux x86_64/64bit, 05/26/2019
122 (C) 1996 - 2019 by Synopsys, Inc.
123 sps_call_fsdbDumpfile at 0 : /RAID2/COURSE/dic/dic098/lab2/2_3/01_RTL/TESTBED_Adder_4bit.v(30)
124 argv[0]: Adder_4bit_SYN.fsdb
125 *Verdi* : Create FSDB file 'Adder_4bit_SYN.fsdb'
126 sps_call_fsdbDumpvars at 0 : /RAID2/COURSE/dic/dic098/lab2/2_3/01_RTL/TESTBED_Adder_4bit.v(31)
127 *Verdi* : Begin traversing the scopes, layer (0).
128 Cell instance `TESTBED.u_Adder_4bit.U3'.
129 *Verdi* : End of traversing.
130 fsdbDumpvars traverse var: profile - 
          CPU/Mem usage: 0.070 sys,  0.050 user,  190.80M sys,  0.00M vm
                   incr: 0.010 sys,  0.010 user,  4.85M sys,  0.00M vm
                   accu: 0.010 sys,  0.010 user,  4.85M sys,  0.00M vm
              accu incr: 0.010 sys,  0.010 user,  4.85M sys,  0.00M vm

          Count usage: 712 var,  627 idcode,  627 callback
                 incr: 712 var,  627 idcode,  627 callback
                 accu: 712 var,  627 idcode,  627 callback
            accu incr: 712 var,  627 idcode,  627 callback
131 VC callback profile - scalar:0 vector:0
132 Tue Oct 24 03:06:20 2023
133 fsdbDumpvars: profile - 
          CPU/Mem usage: 0.070 sys,  0.050 user,  191.85M sys,  0.00M vm
                   incr: 0.000 sys,  0.000 user,  1.05M sys,  0.00M vm
                   accu: 0.010 sys,  0.010 user,  5.90M sys,  0.00M vm
              accu incr: 0.000 sys,  0.000 user,  1.05M sys,  0.00M vm

          Count usage: 712 var,  627 idcode,  627 callback
                 incr: 0 var,  0 idcode,  0 callback
                 accu: 712 var,  627 idcode,  627 callback
            accu incr: 0 var,  0 idcode,  0 callback
134 VC callback profile - scalar:622 vector:5
135 Tue Oct 24 03:06:20 2023
136 End of simulation at 51200
137 VC callback profile - scalar:6701 vector:822
138 Tue Oct 24 03:06:20 2023
139 Begin FSDB profile info:
140 FSDB Writer : bc1(6701) bcn(822) mtf/stf(0/0)
FSDB Writer elapsed time : flush(0.014349) io wait(0.000000) theadpool wait(0.000000) target functin(0.000000)
FSDB Writer cpu time : MT Compression : 0
141 End FSDB profile info
142 Parallel profile    -  Flush:3 Expand:0 ProduceWait:0 ConsumerWait:0 BlockUsed:1
143                        ProduceTime:0.129426898 ConsumerTime:0.000000000 Buffer:64MB
144 SimExit
145 Sim process exit
